<?xml version="1.0" encoding="UTF-8"?>
<!-- Generated by org.testng.reporters.JUnitXMLReporter -->
<testsuite ignored="2" hostname="deeapaksharma15" failures="1" tests="1" name="Default test" time="4.946" errors="0" timestamp="2023-09-11T20:13:50 IST">
  <testcase classname="com.nagpassignment.RestAssuredNAGP.ApiTest.DeleteBookingTest" name="VerifyDeleteBookingAPIWithoutAuthorization" time="2.55">
    <failure type="java.lang.ClassCastException" message="class io.restassured.internal.ValidatableResponseImpl cannot be cast to class io.restassured.response.Response (io.restassured.internal.ValidatableResponseImpl and io.restassured.response.Response are in unnamed module of loader &amp;apos;app&amp;apos;)">
      <![CDATA[java.lang.ClassCastException: class io.restassured.internal.ValidatableResponseImpl cannot be cast to class io.restassured.response.Response (io.restassured.internal.ValidatableResponseImpl and io.restassured.response.Response are in unnamed module of loader 'app')
at com.nagpassignment.RestAssuredNAGP.APIObject.BaseAPIObject.delete(BaseAPIObject.java:130)
at com.nagpassignment.RestAssuredNAGP.APIObject.DeleteBookingAPIObject.deleteBooking(DeleteBookingAPIObject.java:25)
at com.nagpassignment.RestAssuredNAGP.ApiTest.DeleteBookingTest.VerifyDeleteBookingAPIWithoutAuthorization(DeleteBookingTest.java:22)
at java.base/jdk.internal.reflect.NativeMethodAccessorImpl.invoke0(Native Method)
at java.base/jdk.internal.reflect.NativeMethodAccessorImpl.invoke(NativeMethodAccessorImpl.java:77)
at java.base/jdk.internal.reflect.DelegatingMethodAccessorImpl.invoke(DelegatingMethodAccessorImpl.java:43)
at java.base/java.lang.reflect.Method.invoke(Method.java:568)
at org.testng.internal.MethodInvocationHelper.invokeMethod(MethodInvocationHelper.java:133)
at org.testng.internal.TestInvoker.invokeMethod(TestInvoker.java:598)
at org.testng.internal.TestInvoker.invokeTestMethod(TestInvoker.java:173)
at org.testng.internal.MethodRunner.runInSequence(MethodRunner.java:46)
at org.testng.internal.TestInvoker$MethodInvocationAgent.invoke(TestInvoker.java:824)
at org.testng.internal.TestInvoker.invokeTestMethods(TestInvoker.java:146)
at org.testng.internal.TestMethodWorker.invokeTestMethods(TestMethodWorker.java:146)
at org.testng.internal.TestMethodWorker.run(TestMethodWorker.java:128)
at java.base/java.util.ArrayList.forEach(ArrayList.java:1511)
at org.testng.TestRunner.privateRun(TestRunner.java:794)
at org.testng.TestRunner.run(TestRunner.java:596)
at org.testng.SuiteRunner.runTest(SuiteRunner.java:377)
at org.testng.SuiteRunner.runSequentially(SuiteRunner.java:371)
at org.testng.SuiteRunner.privateRun(SuiteRunner.java:332)
at org.testng.SuiteRunner.run(SuiteRunner.java:276)
at org.testng.SuiteRunnerWorker.runSuite(SuiteRunnerWorker.java:53)
at org.testng.SuiteRunnerWorker.run(SuiteRunnerWorker.java:96)
at org.testng.TestNG.runSuitesSequentially(TestNG.java:1212)
at org.testng.TestNG.runSuitesLocally(TestNG.java:1134)
at org.testng.TestNG.runSuites(TestNG.java:1063)
at org.testng.TestNG.run(TestNG.java:1031)
at org.testng.remote.AbstractRemoteTestNG.run(AbstractRemoteTestNG.java:115)
at org.testng.remote.RemoteTestNG.initAndRun(RemoteTestNG.java:251)
at org.testng.remote.RemoteTestNG.main(RemoteTestNG.java:77)
]]>
    </failure>
  </testcase> <!-- VerifyDeleteBookingAPIWithoutAuthorization -->
  <testcase classname="com.nagpassignment.RestAssuredNAGP.ApiTest.DeleteBookingTest" name="VerifyDeleteBookingAPIWithInvalidBookingID" time="0.0">
    <ignored/>
  </testcase> <!-- VerifyDeleteBookingAPIWithInvalidBookingID -->
  <testcase classname="com.nagpassignment.RestAssuredNAGP.ApiTest.DeleteBookingTest" name="VerifyDeleteBookingAPIWithValidBookingID" time="0.0">
    <ignored/>
  </testcase> <!-- VerifyDeleteBookingAPIWithValidBookingID -->
</testsuite> <!-- Default test -->
